<?xml version="1.0" encoding="UTF-8"?>
<!-- Generated by org.testng.reporters.JUnitXMLReporter -->
<testsuite ignored="0" hostname="gtm" failures="0" tests="1" name="Some classes" time="3.283" errors="0" timestamp="2023-10-21T16:39:42 IST">
  <testcase classname="mainpackage.MainClass" name="@BeforeClass driveLunch" time="3.102">
    <failure type="org.openqa.selenium.remote.http.ConnectionFailedException" message="Unable to establish websocket connection to http://localhost:54959/devtools/browser/8bad62bc-9c39-464b-8c56-f1850b989a49
Build info: version: &amp;apos;4.0.0-rc-1&amp;apos;, revision: &amp;apos;bc5511cbda&amp;apos;
System info: host: &amp;apos;GTM&amp;apos;, ip: &amp;apos;192.168.1.14&amp;apos;, os.name: &amp;apos;Windows 10&amp;apos;, os.arch: &amp;apos;amd64&amp;apos;, os.version: &amp;apos;10.0&amp;apos;, java.version: &amp;apos;20.0.2&amp;apos;
Driver info: driver.version: ChromeDriver">
      <![CDATA[org.openqa.selenium.remote.http.ConnectionFailedException: Unable to establish websocket connection to http://localhost:54959/devtools/browser/8bad62bc-9c39-464b-8c56-f1850b989a49
Build info: version: '4.0.0-rc-1', revision: 'bc5511cbda'
System info: host: 'GTM', ip: '192.168.1.14', os.name: 'Windows 10', os.arch: 'amd64', os.version: '10.0', java.version: '20.0.2'
Driver info: driver.version: ChromeDriver
at org.openqa.selenium.remote.http.netty.NettyWebSocket.<init>(NettyWebSocket.java:104)
at org.openqa.selenium.remote.http.netty.NettyWebSocket.lambda$create$3(NettyWebSocket.java:137)
at org.openqa.selenium.remote.http.netty.NettyClient.openSocket(NettyClient.java:127)
at org.openqa.selenium.devtools.Connection.<init>(Connection.java:73)
at org.openqa.selenium.chromium.ChromiumDriver.lambda$new$1(ChromiumDriver.java:102)
at java.base/java.util.Optional.map(Optional.java:260)
at org.openqa.selenium.chromium.ChromiumDriver.<init>(ChromiumDriver.java:100)
at org.openqa.selenium.chrome.ChromeDriver.<init>(ChromeDriver.java:99)
at org.openqa.selenium.chrome.ChromeDriver.<init>(ChromeDriver.java:86)
at org.openqa.selenium.chrome.ChromeDriver.<init>(ChromeDriver.java:41)
at mainpackage.MainClass.driveLunch(MainClass.java:14)
at java.base/java.util.ArrayList.forEach(ArrayList.java:1511)
... Removed 23 stack frames]]>
    </failure>
  </testcase> <!-- @BeforeClass driveLunch -->
  <testcase classname="mainpackage.MainClass" name="@AfterClass drivClose" time="-1.697886582814E9">
    <skipped/>
  </testcase> <!-- @AfterClass drivClose -->
  <testcase classname="testflow.SampleTestClass" name="meth1" time="0.0">
    <skipped/>
  </testcase> <!-- meth1 -->
</testsuite> <!-- Some classes -->
