<!DOCTYPE html PUBLIC "-//W3C//DTD XHTML 1.1//EN" "https://www.w3.org/TR/xhtml11/DTD/xhtml11.dtd">
<html xmlns="https://www.w3.org/1999/xhtml">
<head>
<meta http-equiv="content-type" content="text/html; charset=UTF-8"/>
<title>TestNG Report</title>
<style type="text/css">table {margin-bottom:10px;border-collapse:collapse;empty-cells:show}th,td {border:1px solid #009;padding:.25em .5em}th {vertical-align:bottom}td {vertical-align:top}table a {font-weight:bold}.stripe td {background-color: #E6EBF9}.num {text-align:right}.passedodd td {background-color: #3F3}.passedeven td {background-color: #0A0}.skippedodd td {background-color: #DDD}.skippedeven td {background-color: #CCC}.failedodd td,.attn {background-color: #F33}.failedeven td,.stripe .attn {background-color: #D00}.stacktrace {white-space:pre;font-family:monospace}.totop {font-size:85%;text-align:center;border-bottom:2px solid #000}.invisible {display:none}</style>
</head>
<body>
<table>
<tr><th>Test</th><th># Passed</th><th># Skipped</th><th># Retried</th><th># Failed</th><th>Time (ms)</th><th>Included Groups</th><th>Excluded Groups</th></tr>
<tr><th colspan="8">test_suite</th></tr>
<tr><td><a href="#t0">Some classes</a></td><td class="num">0</td><td class="num attn">1</td><td class="num">0</td><td class="num">0</td><td class="num">3,283</td><td></td><td></td></tr>
</table>
<table id='summary'><thead><tr><th>Class</th><th>Method</th><th>Start</th><th>Time (ms)</th></tr></thead><tbody><tr><th colspan="4">test_suite</th></tr></tbody><tbody id="t0"><tr><th colspan="4">Some classes &#8212; failed (configuration methods)</th></tr><tr class="failedeven"><td rowspan="1">testflow.SampleTestClass</td><td><a href="#m0">driveLunch</a></td><td rowspan="1">1697886579563</td><td rowspan="1">3102</td></tr><tr><th colspan="4">Some classes &#8212; skipped (configuration methods)</th></tr><tr class="skippedeven"><td rowspan="1">testflow.SampleTestClass</td><td><a href="#m1">drivClose</a></td><td rowspan="1">1697886582814</td><td rowspan="1">-1697886582814</td></tr><tr><th colspan="4">Some classes &#8212; skipped</th></tr><tr class="skippedeven"><td rowspan="1">testflow.SampleTestClass</td><td><a href="#m2">meth1</a></td><td rowspan="1">1697886582785</td><td rowspan="1">0</td></tr></tbody>
</table>
<h2>Some classes</h2><h3 id="m0">testflow.SampleTestClass#driveLunch</h3><table class="result"><tr><th>Exception</th></tr><tr><td><div class="stacktrace">org.openqa.selenium.remote.http.ConnectionFailedException: Unable to establish websocket connection to http://localhost:54959/devtools/browser/8bad62bc-9c39-464b-8c56-f1850b989a49
Build info: version: &apos;4.0.0-rc-1&apos;, revision: &apos;bc5511cbda&apos;
System info: host: &apos;GTM&apos;, ip: &apos;192.168.1.14&apos;, os.name: &apos;Windows 10&apos;, os.arch: &apos;amd64&apos;, os.version: &apos;10.0&apos;, java.version: &apos;20.0.2&apos;
Driver info: driver.version: ChromeDriver
	at org.openqa.selenium.remote.http.netty.NettyWebSocket.&lt;init&gt;(NettyWebSocket.java:104)
	at org.openqa.selenium.remote.http.netty.NettyWebSocket.lambda$create$3(NettyWebSocket.java:137)
	at org.openqa.selenium.remote.http.netty.NettyClient.openSocket(NettyClient.java:127)
	at org.openqa.selenium.devtools.Connection.&lt;init&gt;(Connection.java:73)
	at org.openqa.selenium.chromium.ChromiumDriver.lambda$new$1(ChromiumDriver.java:102)
	at java.base/java.util.Optional.map(Optional.java:260)
	at org.openqa.selenium.chromium.ChromiumDriver.&lt;init&gt;(ChromiumDriver.java:100)
	at org.openqa.selenium.chrome.ChromeDriver.&lt;init&gt;(ChromeDriver.java:99)
	at org.openqa.selenium.chrome.ChromeDriver.&lt;init&gt;(ChromeDriver.java:86)
	at org.openqa.selenium.chrome.ChromeDriver.&lt;init&gt;(ChromeDriver.java:41)
	at mainpackage.MainClass.driveLunch(MainClass.java:14)
	at java.base/java.util.ArrayList.forEach(ArrayList.java:1511)
... Removed 23 stack frames</div></td></tr></table><p class="totop"><a href="#summary">back to summary</a></p>
<h3 id="m1">testflow.SampleTestClass#drivClose</h3><table class="result"><tr><th class="invisible"/></tr></table><p class="totop"><a href="#summary">back to summary</a></p>
<h3 id="m2">testflow.SampleTestClass#meth1</h3><table class="result"><tr><th>Exception</th></tr><tr><td><div class="stacktrace">org.openqa.selenium.remote.http.ConnectionFailedException: Unable to establish websocket connection to http://localhost:54959/devtools/browser/8bad62bc-9c39-464b-8c56-f1850b989a49
Build info: version: &apos;4.0.0-rc-1&apos;, revision: &apos;bc5511cbda&apos;
System info: host: &apos;GTM&apos;, ip: &apos;192.168.1.14&apos;, os.name: &apos;Windows 10&apos;, os.arch: &apos;amd64&apos;, os.version: &apos;10.0&apos;, java.version: &apos;20.0.2&apos;
Driver info: driver.version: ChromeDriver
	at org.openqa.selenium.remote.http.netty.NettyWebSocket.&lt;init&gt;(NettyWebSocket.java:104)
	at org.openqa.selenium.remote.http.netty.NettyWebSocket.lambda$create$3(NettyWebSocket.java:137)
	at org.openqa.selenium.remote.http.netty.NettyClient.openSocket(NettyClient.java:127)
	at org.openqa.selenium.devtools.Connection.&lt;init&gt;(Connection.java:73)
	at org.openqa.selenium.chromium.ChromiumDriver.lambda$new$1(ChromiumDriver.java:102)
	at java.base/java.util.Optional.map(Optional.java:260)
	at org.openqa.selenium.chromium.ChromiumDriver.&lt;init&gt;(ChromiumDriver.java:100)
	at org.openqa.selenium.chrome.ChromeDriver.&lt;init&gt;(ChromeDriver.java:99)
	at org.openqa.selenium.chrome.ChromeDriver.&lt;init&gt;(ChromeDriver.java:86)
	at org.openqa.selenium.chrome.ChromeDriver.&lt;init&gt;(ChromeDriver.java:41)
	at mainpackage.MainClass.driveLunch(MainClass.java:14)
	at java.base/java.util.ArrayList.forEach(ArrayList.java:1511)
... Removed 23 stack frames</div></td></tr></table><p class="totop"><a href="#summary">back to summary</a></p>
</body>
</html>
